<?xml version="1.0" encoding="UTF-8"?>
<testsuite name="com.trial.udemy.learn.TestMainVerticle" tests="1" skipped="0" failures="0" errors="0" timestamp="2021-02-09T08:37:35" hostname="echoroy-Inspiron-3583" time="0.4">
  <properties/>
  <testcase name="verticle_deployed(Vertx, VertxTestContext)" classname="com.trial.udemy.learn.TestMainVerticle" time="0.4"/>
  <system-out><![CDATA[HTTP server started on port 8888
]]></system-out>
  <system-err><![CDATA[]]></system-err>
</testsuite>
